<?xml version="1.0" encoding="UTF-8"?>
<testsuite name="com.example.todo.TodoApplicationTests" tests="1" skipped="0" failures="0" errors="0" timestamp="2023-01-25T10:37:22" hostname="DESKTOP-B3BUVDF" time="0.076">
  <properties/>
  <testcase name="contextLoads()" classname="com.example.todo.TodoApplicationTests" time="0.076"/>
  <system-out><![CDATA[19:37:17.664 [Test worker] DEBUG org.springframework.test.context.BootstrapUtils - Instantiating CacheAwareContextLoaderDelegate from class [org.springframework.test.context.cache.DefaultCacheAwareContextLoaderDelegate]
19:37:17.676 [Test worker] DEBUG org.springframework.test.context.BootstrapUtils - Instantiating BootstrapContext using constructor [public org.springframework.test.context.support.DefaultBootstrapContext(java.lang.Class,org.springframework.test.context.CacheAwareContextLoaderDelegate)]
19:37:17.706 [Test worker] DEBUG org.springframework.test.context.BootstrapUtils - Instantiating TestContextBootstrapper for test class [com.example.todo.TodoApplicationTests] from class [org.springframework.boot.test.context.SpringBootTestContextBootstrapper]
19:37:17.718 [Test worker] INFO org.springframework.boot.test.context.SpringBootTestContextBootstrapper - Neither @ContextConfiguration nor @ContextHierarchy found for test class [com.example.todo.TodoApplicationTests], using SpringBootContextLoader
19:37:17.722 [Test worker] DEBUG org.springframework.test.context.support.AbstractContextLoader - Did not detect default resource location for test class [com.example.todo.TodoApplicationTests]: class path resource [com/example/todo/TodoApplicationTests-context.xml] does not exist
19:37:17.722 [Test worker] DEBUG org.springframework.test.context.support.AbstractContextLoader - Did not detect default resource location for test class [com.example.todo.TodoApplicationTests]: class path resource [com/example/todo/TodoApplicationTestsContext.groovy] does not exist
19:37:17.722 [Test worker] INFO org.springframework.test.context.support.AbstractContextLoader - Could not detect default resource locations for test class [com.example.todo.TodoApplicationTests]: no resource found for suffixes {-context.xml, Context.groovy}.
19:37:17.723 [Test worker] INFO org.springframework.test.context.support.AnnotationConfigContextLoaderUtils - Could not detect default configuration classes for test class [com.example.todo.TodoApplicationTests]: TodoApplicationTests does not declare any static, non-private, non-final, nested classes annotated with @Configuration.
19:37:17.764 [Test worker] DEBUG org.springframework.test.context.support.ActiveProfilesUtils - Could not find an 'annotation declaring class' for annotation type [org.springframework.test.context.ActiveProfiles] and class [com.example.todo.TodoApplicationTests]
19:37:17.819 [Test worker] DEBUG org.springframework.context.annotation.ClassPathScanningCandidateComponentProvider - Identified candidate component class: file [C:\Project\react-spring-book\react-spring-book_workspace\todo\build\classes\java\main\com\example\todo\TodoApplication.class]
19:37:17.820 [Test worker] INFO org.springframework.boot.test.context.SpringBootTestContextBootstrapper - Found @SpringBootConfiguration com.example.todo.TodoApplication for test class com.example.todo.TodoApplicationTests
19:37:17.921 [Test worker] DEBUG org.springframework.boot.test.context.SpringBootTestContextBootstrapper - @TestExecutionListeners is not present for class [com.example.todo.TodoApplicationTests]: using defaults.
19:37:17.922 [Test worker] INFO org.springframework.boot.test.context.SpringBootTestContextBootstrapper - Loaded default TestExecutionListener class names from location [META-INF/spring.factories]: [org.springframework.boot.test.autoconfigure.restdocs.RestDocsTestExecutionListener, org.springframework.boot.test.autoconfigure.web.client.MockRestServiceServerResetTestExecutionListener, org.springframework.boot.test.autoconfigure.web.servlet.MockMvcPrintOnlyOnFailureTestExecutionListener, org.springframework.boot.test.autoconfigure.web.servlet.WebDriverTestExecutionListener, org.springframework.boot.test.autoconfigure.webservices.client.MockWebServiceServerTestExecutionListener, org.springframework.boot.test.mock.mockito.MockitoTestExecutionListener, org.springframework.boot.test.mock.mockito.ResetMocksTestExecutionListener, org.springframework.test.context.web.ServletTestExecutionListener, org.springframework.test.context.support.DirtiesContextBeforeModesTestExecutionListener, org.springframework.test.context.event.ApplicationEventsTestExecutionListener, org.springframework.test.context.support.DependencyInjectionTestExecutionListener, org.springframework.test.context.support.DirtiesContextTestExecutionListener, org.springframework.test.context.transaction.TransactionalTestExecutionListener, org.springframework.test.context.jdbc.SqlScriptsTestExecutionListener, org.springframework.test.context.event.EventPublishingTestExecutionListener]
19:37:17.941 [Test worker] INFO org.springframework.boot.test.context.SpringBootTestContextBootstrapper - Using TestExecutionListeners: [org.springframework.test.context.web.ServletTestExecutionListener@528c868, org.springframework.test.context.support.DirtiesContextBeforeModesTestExecutionListener@466276d8, org.springframework.test.context.event.ApplicationEventsTestExecutionListener@5ce8d869, org.springframework.boot.test.mock.mockito.MockitoTestExecutionListener@27eedb64, org.springframework.boot.test.autoconfigure.SpringBootDependencyInjectionTestExecutionListener@64c63c79, org.springframework.test.context.support.DirtiesContextTestExecutionListener@31c7528f, org.springframework.test.context.transaction.TransactionalTestExecutionListener@2b76ff4e, org.springframework.test.context.jdbc.SqlScriptsTestExecutionListener@7a1234bf, org.springframework.test.context.event.EventPublishingTestExecutionListener@2f62ea70, org.springframework.boot.test.autoconfigure.restdocs.RestDocsTestExecutionListener@24ba9639, org.springframework.boot.test.autoconfigure.web.client.MockRestServiceServerResetTestExecutionListener@38aa816f, org.springframework.boot.test.autoconfigure.web.servlet.MockMvcPrintOnlyOnFailureTestExecutionListener@53f6fd09, org.springframework.boot.test.autoconfigure.web.servlet.WebDriverTestExecutionListener@6bffbc6d, org.springframework.boot.test.autoconfigure.webservices.client.MockWebServiceServerTestExecutionListener@1b84f475, org.springframework.boot.test.mock.mockito.ResetMocksTestExecutionListener@7749bf93]
19:37:17.945 [Test worker] DEBUG org.springframework.test.context.support.AbstractDirtiesContextTestExecutionListener - Before test class: context [DefaultTestContext@336f1079 testClass = TodoApplicationTests, testInstance = [null], testMethod = [null], testException = [null], mergedContextConfiguration = [WebMergedContextConfiguration@2f16c6b3 testClass = TodoApplicationTests, locations = '{}', classes = '{class com.example.todo.TodoApplication}', contextInitializerClasses = '[]', activeProfiles = '{}', propertySourceLocations = '{}', propertySourceProperties = '{org.springframework.boot.test.context.SpringBootTestContextBootstrapper=true}', contextCustomizers = set[org.springframework.boot.test.autoconfigure.actuate.metrics.MetricsExportContextCustomizerFactory$DisableMetricExportContextCustomizer@5890e879, org.springframework.boot.test.autoconfigure.properties.PropertyMappingContextCustomizer@0, org.springframework.boot.test.autoconfigure.web.servlet.WebDriverContextCustomizerFactory$Customizer@43df23d3, org.springframework.boot.test.context.filter.ExcludeFilterContextCustomizer@73eb439a, org.springframework.boot.test.json.DuplicateJsonObjectContextCustomizerFactory$DuplicateJsonObjectContextCustomizer@7ae0a9ec, org.springframework.boot.test.mock.mockito.MockitoContextCustomizer@0, org.springframework.boot.test.web.client.TestRestTemplateContextCustomizer@6b695b06, org.springframework.boot.test.context.SpringBootTestArgs@1, org.springframework.boot.test.context.SpringBootTestWebEnvironment@778d1062], resourceBasePath = 'src/main/webapp', contextLoader = 'org.springframework.boot.test.context.SpringBootContextLoader', parent = [null]], attributes = map['org.springframework.test.context.web.ServletTestExecutionListener.activateListener' -> true]], class annotated with @DirtiesContext [false] with mode [null].

  .   ____          _            __ _ _
 /\\ / ___'_ __ _ _(_)_ __  __ _ \ \ \ \
( ( )\___ | '_ | '_| | '_ \/ _` | \ \ \ \
 \\/  ___)| |_)| | | | | || (_| |  ) ) ) )
  '  |____| .__|_| |_|_| |_\__, | / / / /
 =========|_|==============|___/=/_/_/_/
 :: Spring Boot ::                (v2.7.5)

2023-01-25 19:37:18.246  INFO 19856 --- [    Test worker] com.example.todo.TodoApplicationTests    : Starting TodoApplicationTests using Java 1.8.0_202 on DESKTOP-B3BUVDF with PID 19856 (started by pc in C:\Project\react-spring-book\react-spring-book_workspace\todo)
2023-01-25 19:37:18.247  INFO 19856 --- [    Test worker] com.example.todo.TodoApplicationTests    : No active profile set, falling back to 1 default profile: "default"
2023-01-25 19:37:18.845  INFO 19856 --- [    Test worker] .s.d.r.c.RepositoryConfigurationDelegate : Bootstrapping Spring Data JPA repositories in DEFAULT mode.
2023-01-25 19:37:18.905  INFO 19856 --- [    Test worker] .s.d.r.c.RepositoryConfigurationDelegate : Finished Spring Data repository scanning in 52 ms. Found 2 JPA repository interfaces.
2023-01-25 19:37:19.417  INFO 19856 --- [    Test worker] com.zaxxer.hikari.HikariDataSource       : HikariPool-1 - Starting...
2023-01-25 19:37:19.661  INFO 19856 --- [    Test worker] com.zaxxer.hikari.HikariDataSource       : HikariPool-1 - Start completed.
2023-01-25 19:37:19.724  INFO 19856 --- [    Test worker] o.hibernate.jpa.internal.util.LogHelper  : HHH000204: Processing PersistenceUnitInfo [name: default]
2023-01-25 19:37:19.784  INFO 19856 --- [    Test worker] org.hibernate.Version                    : HHH000412: Hibernate ORM core version 5.6.12.Final
2023-01-25 19:37:19.971  INFO 19856 --- [    Test worker] o.hibernate.annotations.common.Version   : HCANN000001: Hibernate Commons Annotations {5.1.2.Final}
2023-01-25 19:37:20.112  INFO 19856 --- [    Test worker] org.hibernate.dialect.Dialect            : HHH000400: Using dialect: org.hibernate.dialect.H2Dialect
2023-01-25 19:37:20.265  WARN 19856 --- [    Test worker] org.hibernate.id.UUIDHexGenerator        : HHH000409: Using org.hibernate.id.UUIDHexGenerator which does not generate IETF RFC 4122 compliant UUID values; consider using org.hibernate.id.UUIDGenerator instead
2023-01-25 19:37:20.706  INFO 19856 --- [    Test worker] o.h.e.t.j.p.i.JtaPlatformInitiator       : HHH000490: Using JtaPlatform implementation: [org.hibernate.engine.transaction.jta.platform.internal.NoJtaPlatform]
2023-01-25 19:37:20.715  INFO 19856 --- [    Test worker] j.LocalContainerEntityManagerFactoryBean : Initialized JPA EntityManagerFactory for persistence unit 'default'
2023-01-25 19:37:20.791  WARN 19856 --- [    Test worker] JpaBaseConfiguration$JpaWebConfiguration : spring.jpa.open-in-view is enabled by default. Therefore, database queries may be performed during view rendering. Explicitly configure spring.jpa.open-in-view to disable this warning
2023-01-25 19:37:21.516  WARN 19856 --- [    Test worker] .s.s.UserDetailsServiceAutoConfiguration : 

Using generated security password: abc32e17-6004-44c1-944b-62e34e550df7

This generated password is for development use only. Your security configuration must be updated before running your application in production.

2023-01-25 19:37:22.028  INFO 19856 --- [    Test worker] o.s.s.web.DefaultSecurityFilterChain     : Will secure any request with [org.springframework.security.web.session.DisableEncodeUrlFilter@2cce10bc, org.springframework.security.web.context.request.async.WebAsyncManagerIntegrationFilter@73234691, org.springframework.security.web.context.SecurityContextPersistenceFilter@5e8f0f98, org.springframework.security.web.header.HeaderWriterFilter@3e4f2300, org.springframework.web.filter.CorsFilter@25df2014, com.example.todo.security.JwtAuthenticationFilter@3be80ece, org.springframework.security.web.authentication.logout.LogoutFilter@5891b7c5, org.springframework.security.web.savedrequest.RequestCacheAwareFilter@5310e451, org.springframework.security.web.servletapi.SecurityContextHolderAwareRequestFilter@4c41a177, org.springframework.security.web.authentication.AnonymousAuthenticationFilter@270b8c2a, org.springframework.security.web.session.SessionManagementFilter@3e01796a, org.springframework.security.web.access.ExceptionTranslationFilter@6e49b011, org.springframework.security.web.access.intercept.FilterSecurityInterceptor@103e7c7c]
2023-01-25 19:37:22.617  INFO 19856 --- [    Test worker] com.example.todo.TodoApplicationTests    : Started TodoApplicationTests in 4.638 seconds (JVM running for 5.851)
]]></system-out>
  <system-err><![CDATA[]]></system-err>
</testsuite>
